<?xml version="1.0" encoding="UTF-8"?>
<!-- Generated by org.testng.reporters.JUnitXMLReporter -->
<testsuite hostname="DESKTOP-VBSGNK8" ignored="0" name="Default test" tests="4" failures="0" timestamp="2019-11-18T14:59:55 IST" time="0.325" errors="0">
  <testcase name="@BeforeClass precondition" time="-1.574069394898E9" classname="maven_smcrm_utils.BaseTest">
    <failure type="org.testng.TestNGException" message="
Parameter &amp;apos;nodeurl&amp;apos; is required by BeforeClass on method precondition but has not been marked @Optional or defined
in C:\Users\ratne\AppData\Local\Temp\testng-eclipse--821903983\testng-customsuite.xml">
      <![CDATA[org.testng.TestNGException: 
Parameter 'nodeurl' is required by BeforeClass on method precondition but has not been marked @Optional or defined
in C:\Users\ratne\AppData\Local\Temp\testng-eclipse--821903983\testng-customsuite.xml
at org.testng.internal.Parameters.createParams(Parameters.java:289)
at org.testng.internal.Parameters.createParametersForMethod(Parameters.java:377)
at org.testng.internal.Parameters.createParameters(Parameters.java:721)
at org.testng.internal.Parameters.createConfigurationParameters(Parameters.java:164)
at org.testng.internal.ConfigInvoker.invokeConfigurations(ConfigInvoker.java:275)
at org.testng.internal.TestMethodWorker.invokeBeforeClassMethods(TestMethodWorker.java:176)
at org.testng.internal.TestMethodWorker.run(TestMethodWorker.java:122)
at java.util.ArrayList.forEach(Unknown Source)
at org.testng.TestRunner.privateRun(TestRunner.java:770)
at org.testng.TestRunner.run(TestRunner.java:591)
at org.testng.SuiteRunner.runTest(SuiteRunner.java:402)
at org.testng.SuiteRunner.runSequentially(SuiteRunner.java:396)
at org.testng.SuiteRunner.privateRun(SuiteRunner.java:355)
at org.testng.SuiteRunner.run(SuiteRunner.java:304)
at org.testng.SuiteRunnerWorker.runSuite(SuiteRunnerWorker.java:53)
at org.testng.SuiteRunnerWorker.run(SuiteRunnerWorker.java:96)
at org.testng.TestNG.runSuitesSequentially(TestNG.java:1180)
at org.testng.TestNG.runSuitesLocally(TestNG.java:1102)
at org.testng.TestNG.runSuites(TestNG.java:1032)
at org.testng.TestNG.run(TestNG.java:1000)
at org.testng.remote.AbstractRemoteTestNG.run(AbstractRemoteTestNG.java:115)
at org.testng.remote.RemoteTestNG.initAndRun(RemoteTestNG.java:251)
at org.testng.remote.RemoteTestNG.main(RemoteTestNG.java:77)
]]>
    </failure>
  </testcase> <!-- @BeforeClass precondition -->
  <testcase name="@AfterMethod postcondition" time="-1.57406939503E9" classname="maven_smcrm_utils.BaseTest">
    <skipped/>
  </testcase> <!-- @AfterMethod postcondition -->
  <testcase name="@AfterMethod postcondition" time="-1.574069395063E9" classname="maven_smcrm_utils.BaseTest">
    <skipped/>
  </testcase> <!-- @AfterMethod postcondition -->
  <testcase name="@AfterMethod postcondition" time="-1.574069395104E9" classname="maven_smcrm_utils.BaseTest">
    <skipped/>
  </testcase> <!-- @AfterMethod postcondition -->
  <testcase name="@AfterMethod postcondition" time="-1.574069395129E9" classname="maven_smcrm_utils.BaseTest">
    <skipped/>
  </testcase> <!-- @AfterMethod postcondition -->
  <testcase name="@AfterClass tearDown" time="-1.574069395136E9" classname="maven_smcrm_utils.BaseTest">
    <skipped/>
  </testcase> <!-- @AfterClass tearDown -->
  <testcase name="verifyLogin" time="0.0" classname="maven_smcrm_tests.ValidLoginCrmTest">
    <skipped/>
  </testcase> <!-- verifyLogin -->
  <testcase name="verifyCampaign" time="0.0" classname="maven_smcrm_tests.ValidLoginCrmTest">
    <skipped/>
  </testcase> <!-- verifyCampaign -->
  <testcase name="verifyCampaignData" time="0.0" classname="maven_smcrm_tests.ValidLoginCrmTest">
    <skipped/>
  </testcase> <!-- verifyCampaignData -->
  <testcase name="verifyInvalidCampaignData" time="0.0" classname="maven_smcrm_tests.ValidLoginCrmTest">
    <skipped/>
  </testcase> <!-- verifyInvalidCampaignData -->
</testsuite> <!-- Default test -->
