<?xml version="1.0" encoding="UTF-8"?>
<!-- Generated by org.testng.reporters.JUnitXMLReporter -->
<testsuite hostname="DESKTOP-VBSGNK8" ignored="0" name="ChromeTest" tests="1" failures="1" timestamp="2019-11-09T11:35:54 IST" time="46.004" errors="0">
  <testcase name="verifyCampaign" time="12.431" classname="maven_smcrm_tests.HomePageNewCampaignLinkTest">
    <failure type="java.lang.AssertionError" message="null">
      <![CDATA[java.lang.AssertionError: null
at maven_smcrm_utils.BasePage.verifyTitle(BasePage.java:29)
at maven_smcrm_tests.HomePageNewCampaignLinkTest.verifyCampaign(HomePageNewCampaignLinkTest.java:17)
at java.util.ArrayList.forEach(Unknown Source)
at java.util.concurrent.FutureTask.run(Unknown Source)
at java.util.concurrent.ThreadPoolExecutor.runWorker(Unknown Source)
at java.util.concurrent.ThreadPoolExecutor$Worker.run(Unknown Source)
at java.lang.Thread.run(Unknown Source)
... Removed 20 stack frames]]>
    </failure>
  </testcase> <!-- verifyCampaign -->
</testsuite> <!-- ChromeTest -->
