<?xml version="1.0" encoding="UTF-8"?>
<testng-results skipped="4" failed="0" ignored="0" total="4" passed="0">
  <reporter-output>
  </reporter-output>
  <suite name="Default suite" duration-ms="333" started-at="2019-11-12T12:03:25 IST" finished-at="2019-11-12T12:03:25 IST">
    <groups>
    </groups>
    <test name="Default test" duration-ms="333" started-at="2019-11-12T12:03:25 IST" finished-at="2019-11-12T12:03:25 IST">
      <class name="maven_smcrm_tests.ValidLoginCrmTest">
        <test-method status="FAIL" signature="precondition(java.lang.String, java.lang.String, java.lang.String)[pri:0, instance:maven_smcrm_tests.ValidLoginCrmTest@30b8a058]" name="precondition" is-config="true" duration-ms="-1573540405130" started-at="2019-11-12T12:03:25 IST" finished-at="1970-01-01T05:30:00 IST">
          <exception class="org.testng.TestNGException">
            <message>
              <![CDATA[
Parameter 'nodeurl' is required by BeforeClass on method precondition but has not been marked @Optional or defined
in C:\Users\ratne\AppData\Local\Temp\testng-eclipse-1764341504\testng-customsuite.xml]]>
            </message>
            <full-stacktrace>
              <![CDATA[org.testng.TestNGException: 
Parameter 'nodeurl' is required by BeforeClass on method precondition but has not been marked @Optional or defined
in C:\Users\ratne\AppData\Local\Temp\testng-eclipse-1764341504\testng-customsuite.xml
at org.testng.internal.Parameters.createParams(Parameters.java:289)
at org.testng.internal.Parameters.createParametersForMethod(Parameters.java:377)
at org.testng.internal.Parameters.createParameters(Parameters.java:721)
at org.testng.internal.Parameters.createConfigurationParameters(Parameters.java:164)
at org.testng.internal.ConfigInvoker.invokeConfigurations(ConfigInvoker.java:275)
at org.testng.internal.TestMethodWorker.invokeBeforeClassMethods(TestMethodWorker.java:176)
at org.testng.internal.TestMethodWorker.run(TestMethodWorker.java:122)
at java.util.ArrayList.forEach(Unknown Source)
at org.testng.TestRunner.privateRun(TestRunner.java:770)
at org.testng.TestRunner.run(TestRunner.java:591)
at org.testng.SuiteRunner.runTest(SuiteRunner.java:402)
at org.testng.SuiteRunner.runSequentially(SuiteRunner.java:396)
at org.testng.SuiteRunner.privateRun(SuiteRunner.java:355)
at org.testng.SuiteRunner.run(SuiteRunner.java:304)
at org.testng.SuiteRunnerWorker.runSuite(SuiteRunnerWorker.java:53)
at org.testng.SuiteRunnerWorker.run(SuiteRunnerWorker.java:96)
at org.testng.TestNG.runSuitesSequentially(TestNG.java:1180)
at org.testng.TestNG.runSuitesLocally(TestNG.java:1102)
at org.testng.TestNG.runSuites(TestNG.java:1032)
at org.testng.TestNG.run(TestNG.java:1000)
at org.testng.remote.AbstractRemoteTestNG.run(AbstractRemoteTestNG.java:115)
at org.testng.remote.RemoteTestNG.initAndRun(RemoteTestNG.java:251)
at org.testng.remote.RemoteTestNG.main(RemoteTestNG.java:77)
]]>
            </full-stacktrace>
          </exception> <!-- org.testng.TestNGException -->
          <reporter-output>
          </reporter-output>
        </test-method> <!-- precondition -->
        <test-method status="SKIP" signature="verifyLogin()[pri:1, instance:maven_smcrm_tests.ValidLoginCrmTest@30b8a058]" name="verifyLogin" duration-ms="0" started-at="2019-11-12T12:03:25 IST" finished-at="2019-11-12T12:03:25 IST">
          <exception class="org.testng.TestNGException">
            <message>
              <![CDATA[
Parameter 'nodeurl' is required by BeforeClass on method precondition but has not been marked @Optional or defined
in C:\Users\ratne\AppData\Local\Temp\testng-eclipse-1764341504\testng-customsuite.xml]]>
            </message>
            <full-stacktrace>
              <![CDATA[org.testng.TestNGException: 
Parameter 'nodeurl' is required by BeforeClass on method precondition but has not been marked @Optional or defined
in C:\Users\ratne\AppData\Local\Temp\testng-eclipse-1764341504\testng-customsuite.xml
at org.testng.internal.Parameters.createParams(Parameters.java:289)
at org.testng.internal.Parameters.createParametersForMethod(Parameters.java:377)
at org.testng.internal.Parameters.createParameters(Parameters.java:721)
at org.testng.internal.Parameters.createConfigurationParameters(Parameters.java:164)
at org.testng.internal.ConfigInvoker.invokeConfigurations(ConfigInvoker.java:275)
at org.testng.internal.TestMethodWorker.invokeBeforeClassMethods(TestMethodWorker.java:176)
at org.testng.internal.TestMethodWorker.run(TestMethodWorker.java:122)
at java.util.ArrayList.forEach(Unknown Source)
at org.testng.TestRunner.privateRun(TestRunner.java:770)
at org.testng.TestRunner.run(TestRunner.java:591)
at org.testng.SuiteRunner.runTest(SuiteRunner.java:402)
at org.testng.SuiteRunner.runSequentially(SuiteRunner.java:396)
at org.testng.SuiteRunner.privateRun(SuiteRunner.java:355)
at org.testng.SuiteRunner.run(SuiteRunner.java:304)
at org.testng.SuiteRunnerWorker.runSuite(SuiteRunnerWorker.java:53)
at org.testng.SuiteRunnerWorker.run(SuiteRunnerWorker.java:96)
at org.testng.TestNG.runSuitesSequentially(TestNG.java:1180)
at org.testng.TestNG.runSuitesLocally(TestNG.java:1102)
at org.testng.TestNG.runSuites(TestNG.java:1032)
at org.testng.TestNG.run(TestNG.java:1000)
at org.testng.remote.AbstractRemoteTestNG.run(AbstractRemoteTestNG.java:115)
at org.testng.remote.RemoteTestNG.initAndRun(RemoteTestNG.java:251)
at org.testng.remote.RemoteTestNG.main(RemoteTestNG.java:77)
]]>
            </full-stacktrace>
          </exception> <!-- org.testng.TestNGException -->
          <reporter-output>
          </reporter-output>
        </test-method> <!-- verifyLogin -->
        <test-method status="SKIP" signature="postcondition(org.testng.ITestResult)[pri:0, instance:maven_smcrm_tests.ValidLoginCrmTest@30b8a058]" name="postcondition" is-config="true" duration-ms="-1573540405282" started-at="2019-11-12T12:03:25 IST" finished-at="1970-01-01T05:30:00 IST">
          <reporter-output>
          </reporter-output>
        </test-method> <!-- postcondition -->
        <test-method status="SKIP" signature="verifyCampaign()[pri:2, instance:maven_smcrm_tests.ValidLoginCrmTest@30b8a058]" name="verifyCampaign" duration-ms="0" started-at="2019-11-12T12:03:25 IST" finished-at="2019-11-12T12:03:25 IST">
          <exception class="org.testng.TestNGException">
            <message>
              <![CDATA[
Parameter 'nodeurl' is required by BeforeClass on method precondition but has not been marked @Optional or defined
in C:\Users\ratne\AppData\Local\Temp\testng-eclipse-1764341504\testng-customsuite.xml]]>
            </message>
            <full-stacktrace>
              <![CDATA[org.testng.TestNGException: 
Parameter 'nodeurl' is required by BeforeClass on method precondition but has not been marked @Optional or defined
in C:\Users\ratne\AppData\Local\Temp\testng-eclipse-1764341504\testng-customsuite.xml
at org.testng.internal.Parameters.createParams(Parameters.java:289)
at org.testng.internal.Parameters.createParametersForMethod(Parameters.java:377)
at org.testng.internal.Parameters.createParameters(Parameters.java:721)
at org.testng.internal.Parameters.createConfigurationParameters(Parameters.java:164)
at org.testng.internal.ConfigInvoker.invokeConfigurations(ConfigInvoker.java:275)
at org.testng.internal.TestMethodWorker.invokeBeforeClassMethods(TestMethodWorker.java:176)
at org.testng.internal.TestMethodWorker.run(TestMethodWorker.java:122)
at java.util.ArrayList.forEach(Unknown Source)
at org.testng.TestRunner.privateRun(TestRunner.java:770)
at org.testng.TestRunner.run(TestRunner.java:591)
at org.testng.SuiteRunner.runTest(SuiteRunner.java:402)
at org.testng.SuiteRunner.runSequentially(SuiteRunner.java:396)
at org.testng.SuiteRunner.privateRun(SuiteRunner.java:355)
at org.testng.SuiteRunner.run(SuiteRunner.java:304)
at org.testng.SuiteRunnerWorker.runSuite(SuiteRunnerWorker.java:53)
at org.testng.SuiteRunnerWorker.run(SuiteRunnerWorker.java:96)
at org.testng.TestNG.runSuitesSequentially(TestNG.java:1180)
at org.testng.TestNG.runSuitesLocally(TestNG.java:1102)
at org.testng.TestNG.runSuites(TestNG.java:1032)
at org.testng.TestNG.run(TestNG.java:1000)
at org.testng.remote.AbstractRemoteTestNG.run(AbstractRemoteTestNG.java:115)
at org.testng.remote.RemoteTestNG.initAndRun(RemoteTestNG.java:251)
at org.testng.remote.RemoteTestNG.main(RemoteTestNG.java:77)
]]>
            </full-stacktrace>
          </exception> <!-- org.testng.TestNGException -->
          <reporter-output>
          </reporter-output>
        </test-method> <!-- verifyCampaign -->
        <test-method status="SKIP" signature="postcondition(org.testng.ITestResult)[pri:0, instance:maven_smcrm_tests.ValidLoginCrmTest@30b8a058]" name="postcondition" is-config="true" duration-ms="-1573540405315" started-at="2019-11-12T12:03:25 IST" finished-at="1970-01-01T05:30:00 IST">
          <reporter-output>
          </reporter-output>
        </test-method> <!-- postcondition -->
        <test-method status="SKIP" signature="verifyCampaignData()[pri:3, instance:maven_smcrm_tests.ValidLoginCrmTest@30b8a058]" name="verifyCampaignData" duration-ms="0" started-at="2019-11-12T12:03:25 IST" finished-at="2019-11-12T12:03:25 IST">
          <exception class="org.testng.TestNGException">
            <message>
              <![CDATA[
Parameter 'nodeurl' is required by BeforeClass on method precondition but has not been marked @Optional or defined
in C:\Users\ratne\AppData\Local\Temp\testng-eclipse-1764341504\testng-customsuite.xml]]>
            </message>
            <full-stacktrace>
              <![CDATA[org.testng.TestNGException: 
Parameter 'nodeurl' is required by BeforeClass on method precondition but has not been marked @Optional or defined
in C:\Users\ratne\AppData\Local\Temp\testng-eclipse-1764341504\testng-customsuite.xml
at org.testng.internal.Parameters.createParams(Parameters.java:289)
at org.testng.internal.Parameters.createParametersForMethod(Parameters.java:377)
at org.testng.internal.Parameters.createParameters(Parameters.java:721)
at org.testng.internal.Parameters.createConfigurationParameters(Parameters.java:164)
at org.testng.internal.ConfigInvoker.invokeConfigurations(ConfigInvoker.java:275)
at org.testng.internal.TestMethodWorker.invokeBeforeClassMethods(TestMethodWorker.java:176)
at org.testng.internal.TestMethodWorker.run(TestMethodWorker.java:122)
at java.util.ArrayList.forEach(Unknown Source)
at org.testng.TestRunner.privateRun(TestRunner.java:770)
at org.testng.TestRunner.run(TestRunner.java:591)
at org.testng.SuiteRunner.runTest(SuiteRunner.java:402)
at org.testng.SuiteRunner.runSequentially(SuiteRunner.java:396)
at org.testng.SuiteRunner.privateRun(SuiteRunner.java:355)
at org.testng.SuiteRunner.run(SuiteRunner.java:304)
at org.testng.SuiteRunnerWorker.runSuite(SuiteRunnerWorker.java:53)
at org.testng.SuiteRunnerWorker.run(SuiteRunnerWorker.java:96)
at org.testng.TestNG.runSuitesSequentially(TestNG.java:1180)
at org.testng.TestNG.runSuitesLocally(TestNG.java:1102)
at org.testng.TestNG.runSuites(TestNG.java:1032)
at org.testng.TestNG.run(TestNG.java:1000)
at org.testng.remote.AbstractRemoteTestNG.run(AbstractRemoteTestNG.java:115)
at org.testng.remote.RemoteTestNG.initAndRun(RemoteTestNG.java:251)
at org.testng.remote.RemoteTestNG.main(RemoteTestNG.java:77)
]]>
            </full-stacktrace>
          </exception> <!-- org.testng.TestNGException -->
          <reporter-output>
          </reporter-output>
        </test-method> <!-- verifyCampaignData -->
        <test-method status="SKIP" signature="postcondition(org.testng.ITestResult)[pri:0, instance:maven_smcrm_tests.ValidLoginCrmTest@30b8a058]" name="postcondition" is-config="true" duration-ms="-1573540405342" started-at="2019-11-12T12:03:25 IST" finished-at="1970-01-01T05:30:00 IST">
          <reporter-output>
          </reporter-output>
        </test-method> <!-- postcondition -->
        <test-method status="SKIP" signature="verifyInvalidCampaignData()[pri:4, instance:maven_smcrm_tests.ValidLoginCrmTest@30b8a058]" name="verifyInvalidCampaignData" duration-ms="0" started-at="2019-11-12T12:03:25 IST" finished-at="2019-11-12T12:03:25 IST">
          <exception class="org.testng.TestNGException">
            <message>
              <![CDATA[
Parameter 'nodeurl' is required by BeforeClass on method precondition but has not been marked @Optional or defined
in C:\Users\ratne\AppData\Local\Temp\testng-eclipse-1764341504\testng-customsuite.xml]]>
            </message>
            <full-stacktrace>
              <![CDATA[org.testng.TestNGException: 
Parameter 'nodeurl' is required by BeforeClass on method precondition but has not been marked @Optional or defined
in C:\Users\ratne\AppData\Local\Temp\testng-eclipse-1764341504\testng-customsuite.xml
at org.testng.internal.Parameters.createParams(Parameters.java:289)
at org.testng.internal.Parameters.createParametersForMethod(Parameters.java:377)
at org.testng.internal.Parameters.createParameters(Parameters.java:721)
at org.testng.internal.Parameters.createConfigurationParameters(Parameters.java:164)
at org.testng.internal.ConfigInvoker.invokeConfigurations(ConfigInvoker.java:275)
at org.testng.internal.TestMethodWorker.invokeBeforeClassMethods(TestMethodWorker.java:176)
at org.testng.internal.TestMethodWorker.run(TestMethodWorker.java:122)
at java.util.ArrayList.forEach(Unknown Source)
at org.testng.TestRunner.privateRun(TestRunner.java:770)
at org.testng.TestRunner.run(TestRunner.java:591)
at org.testng.SuiteRunner.runTest(SuiteRunner.java:402)
at org.testng.SuiteRunner.runSequentially(SuiteRunner.java:396)
at org.testng.SuiteRunner.privateRun(SuiteRunner.java:355)
at org.testng.SuiteRunner.run(SuiteRunner.java:304)
at org.testng.SuiteRunnerWorker.runSuite(SuiteRunnerWorker.java:53)
at org.testng.SuiteRunnerWorker.run(SuiteRunnerWorker.java:96)
at org.testng.TestNG.runSuitesSequentially(TestNG.java:1180)
at org.testng.TestNG.runSuitesLocally(TestNG.java:1102)
at org.testng.TestNG.runSuites(TestNG.java:1032)
at org.testng.TestNG.run(TestNG.java:1000)
at org.testng.remote.AbstractRemoteTestNG.run(AbstractRemoteTestNG.java:115)
at org.testng.remote.RemoteTestNG.initAndRun(RemoteTestNG.java:251)
at org.testng.remote.RemoteTestNG.main(RemoteTestNG.java:77)
]]>
            </full-stacktrace>
          </exception> <!-- org.testng.TestNGException -->
          <reporter-output>
          </reporter-output>
        </test-method> <!-- verifyInvalidCampaignData -->
        <test-method status="SKIP" signature="postcondition(org.testng.ITestResult)[pri:0, instance:maven_smcrm_tests.ValidLoginCrmTest@30b8a058]" name="postcondition" is-config="true" duration-ms="-1573540405364" started-at="2019-11-12T12:03:25 IST" finished-at="1970-01-01T05:30:00 IST">
          <reporter-output>
          </reporter-output>
        </test-method> <!-- postcondition -->
        <test-method status="SKIP" signature="tearDown()[pri:0, instance:maven_smcrm_tests.ValidLoginCrmTest@30b8a058]" name="tearDown" is-config="true" duration-ms="-1573540405377" started-at="2019-11-12T12:03:25 IST" finished-at="1970-01-01T05:30:00 IST">
          <reporter-output>
          </reporter-output>
        </test-method> <!-- tearDown -->
      </class> <!-- maven_smcrm_tests.ValidLoginCrmTest -->
    </test> <!-- Default test -->
  </suite> <!-- Default suite -->
</testng-results>
