<?xml version="1.0" encoding="UTF-8"?>
<!-- Generated by org.testng.reporters.JUnitReportReporter -->
<testsuite skipped="4" hostname="DESKTOP-VBSGNK8" name="maven_smcrm_tests.ValidLoginCrmTest" tests="5" failures="0" timestamp="2019-11-12T12:03:26 IST" time="-1573540480.000" errors="1">
  <testcase name="precondition" time="-1573540480.000" classname="maven_smcrm_tests.ValidLoginCrmTest">
    <error type="org.testng.TestNGException" message="
Parameter &#039;nodeurl&#039; is required by BeforeClass on method precondition but has not been marked @Optional or defined
in C:\Users\ratne\AppData\Local\Temp\testng-eclipse-1764341504\testng-customsuite.xml">
      <![CDATA[org.testng.TestNGException: 
Parameter 'nodeurl' is required by BeforeClass on method precondition but has not been marked @Optional or defined
in C:\Users\ratne\AppData\Local\Temp\testng-eclipse-1764341504\testng-customsuite.xml
at org.testng.internal.Parameters.createParams(Parameters.java:289)
at org.testng.internal.Parameters.createParametersForMethod(Parameters.java:377)
at org.testng.internal.Parameters.createParameters(Parameters.java:721)
at org.testng.internal.Parameters.createConfigurationParameters(Parameters.java:164)
at org.testng.internal.ConfigInvoker.invokeConfigurations(ConfigInvoker.java:275)
at org.testng.internal.TestMethodWorker.invokeBeforeClassMethods(TestMethodWorker.java:176)
at org.testng.internal.TestMethodWorker.run(TestMethodWorker.java:122)
at java.util.ArrayList.forEach(Unknown Source)
at org.testng.TestRunner.privateRun(TestRunner.java:770)
at org.testng.TestRunner.run(TestRunner.java:591)
at org.testng.SuiteRunner.runTest(SuiteRunner.java:402)
at org.testng.SuiteRunner.runSequentially(SuiteRunner.java:396)
at org.testng.SuiteRunner.privateRun(SuiteRunner.java:355)
at org.testng.SuiteRunner.run(SuiteRunner.java:304)
at org.testng.SuiteRunnerWorker.runSuite(SuiteRunnerWorker.java:53)
at org.testng.SuiteRunnerWorker.run(SuiteRunnerWorker.java:96)
at org.testng.TestNG.runSuitesSequentially(TestNG.java:1180)
at org.testng.TestNG.runSuitesLocally(TestNG.java:1102)
at org.testng.TestNG.runSuites(TestNG.java:1032)
at org.testng.TestNG.run(TestNG.java:1000)
at org.testng.remote.AbstractRemoteTestNG.run(AbstractRemoteTestNG.java:115)
at org.testng.remote.RemoteTestNG.initAndRun(RemoteTestNG.java:251)
at org.testng.remote.RemoteTestNG.main(RemoteTestNG.java:77)
]]>
    </error>
  </testcase> <!-- precondition -->
  <testcase name="verifyLogin" time="0.000" classname="maven_smcrm_tests.ValidLoginCrmTest">
    <skipped/>
  </testcase> <!-- verifyLogin -->
  <testcase name="verifyCampaign" time="0.000" classname="maven_smcrm_tests.ValidLoginCrmTest">
    <skipped/>
  </testcase> <!-- verifyCampaign -->
  <testcase name="verifyCampaignData" time="0.000" classname="maven_smcrm_tests.ValidLoginCrmTest">
    <skipped/>
  </testcase> <!-- verifyCampaignData -->
  <testcase name="verifyInvalidCampaignData" time="0.000" classname="maven_smcrm_tests.ValidLoginCrmTest">
    <skipped/>
  </testcase> <!-- verifyInvalidCampaignData -->
</testsuite> <!-- maven_smcrm_tests.ValidLoginCrmTest -->
